<?xml version="1.0" encoding="UTF-8"?>
<testng-results ignored="0" total="2" passed="2" failed="0" skipped="0">
  <reporter-output>
  </reporter-output>
  <suite started-at="2022-02-26T20:54:46 SGT" name="Default suite" finished-at="2022-02-26T20:54:47 SGT" duration-ms="1656">
    <groups>
    </groups>
    <test started-at="2022-02-26T20:54:46 SGT" name="Default test" finished-at="2022-02-26T20:54:47 SGT" duration-ms="1656">
      <class name="com.sddevops.moview_project.eclipse.AccountTest">
        <test-method is-config="true" signature="beforeTest()[pri:0, instance:com.sddevops.moview_project.eclipse.AccountTest@333291e3]" started-at="2022-02-26T20:54:46 SGT" name="beforeTest" finished-at="2022-02-26T20:54:47 SGT" duration-ms="1012" status="PASS">
          <reporter-output>
          </reporter-output>
        </test-method> <!-- beforeTest -->
        <test-method signature="checkLogin()[pri:0, instance:com.sddevops.moview_project.eclipse.AccountTest@333291e3]" started-at="2022-02-26T20:54:47 SGT" name="checkLogin" finished-at="2022-02-26T20:54:47 SGT" duration-ms="260" status="PASS">
          <reporter-output>
          </reporter-output>
        </test-method> <!-- checkLogin -->
        <test-method signature="checkRegister()[pri:0, instance:com.sddevops.moview_project.eclipse.AccountTest@333291e3]" started-at="2022-02-26T20:54:47 SGT" name="checkRegister" finished-at="2022-02-26T20:54:47 SGT" duration-ms="290" status="PASS">
          <reporter-output>
          </reporter-output>
        </test-method> <!-- checkRegister -->
        <test-method is-config="true" signature="afterTest()[pri:0, instance:com.sddevops.moview_project.eclipse.AccountTest@333291e3]" started-at="2022-02-26T20:54:47 SGT" name="afterTest" finished-at="2022-02-26T20:54:47 SGT" duration-ms="74" status="PASS">
          <reporter-output>
          </reporter-output>
        </test-method> <!-- afterTest -->
      </class> <!-- com.sddevops.moview_project.eclipse.AccountTest -->
    </test> <!-- Default test -->
  </suite> <!-- Default suite -->
</testng-results>
