<?xml version="1.0" encoding="UTF-8"?>
<testng-results ignored="0" total="2" passed="2" failed="0" skipped="0">
  <reporter-output>
  </reporter-output>
  <suite started-at="2022-02-26T19:05:26 SGT" name="Default suite" finished-at="2022-02-26T19:05:29 SGT" duration-ms="3011">
    <groups>
    </groups>
    <test started-at="2022-02-26T19:05:26 SGT" name="Default test" finished-at="2022-02-26T19:05:29 SGT" duration-ms="3011">
      <class name="AccountTest">
        <test-method is-config="true" signature="beforeTest()[pri:0, instance:AccountTest@291ae]" started-at="2022-02-26T19:05:26 SGT" name="beforeTest" finished-at="2022-02-26T19:05:28 SGT" duration-ms="2034" status="PASS">
          <reporter-output>
          </reporter-output>
        </test-method> <!-- beforeTest -->
        <test-method signature="checkLogin()[pri:0, instance:AccountTest@291ae]" started-at="2022-02-26T19:05:28 SGT" name="checkLogin" finished-at="2022-02-26T19:05:28 SGT" duration-ms="410" status="PASS">
          <reporter-output>
          </reporter-output>
        </test-method> <!-- checkLogin -->
        <test-method signature="checkRegister()[pri:0, instance:AccountTest@291ae]" started-at="2022-02-26T19:05:28 SGT" name="checkRegister" finished-at="2022-02-26T19:05:29 SGT" duration-ms="424" status="PASS">
          <reporter-output>
          </reporter-output>
        </test-method> <!-- checkRegister -->
        <test-method is-config="true" signature="afterTest()[pri:0, instance:AccountTest@291ae]" started-at="2022-02-26T19:05:29 SGT" name="afterTest" finished-at="2022-02-26T19:05:29 SGT" duration-ms="110" status="PASS">
          <reporter-output>
          </reporter-output>
        </test-method> <!-- afterTest -->
      </class> <!-- AccountTest -->
    </test> <!-- Default test -->
  </suite> <!-- Default suite -->
</testng-results>
